This is pdfTeX, Version 3.14159265-2.6-1.40.19 (MiKTeX 2.9.6930) (preloaded format=pdflatex 2019.1.15)  18 JAN 2019 15:00
entering extended mode
**./cv.tex
(cv.tex
LaTeX2e <2018-04-01> patch level 5
(resume.cls
Document Style `resume' <26 Sep 89, Dec 07>.
Document Class: resume 2000/05/19 v1.4b Resume class
(/home/anshchaube/.miktex/texmfs/install/tex/latex/base/article.cls
Document Class: article 2014/09/29 v1.4h Standard LaTeX document class
(/home/anshchaube/.miktex/texmfs/install/tex/latex/base/size10.clo
File: size10.clo 2014/09/29 v1.4h Standard LaTeX file (size option)
)
\c@part=\count80
\c@section=\count81
\c@subsection=\count82
\c@subsubsection=\count83
\c@paragraph=\count84
\c@subparagraph=\count85
\c@figure=\count86
\c@table=\count87
\abovecaptionskip=\skip41
\belowcaptionskip=\skip42
\bibindent=\dimen102
)
\tabular@text=\toks14
\tabular@head=\toks15
\tabular@tail=\toks16
\@ta=\toks17
\undefined@token=\toks18
\sectionwidth=\dimen103
\sectionskip=\skip43
\resumewidth=\dimen104
\@columnwidth=\dimen105
\c@numberofcolumns=\count88

(enumitem.sty
Package: enumitem 2011/09/28 v3.5.2 Customized lists
\enitkv@toks@=\toks19
\labelindent=\skip44
\enit@outerparindent=\dimen106
\enit@toks=\toks20
\enit@inbox=\box26
\enitdp@description=\count89
)
\bibhang=\skip45
\bibsep=\skip46
\enitdp@bibsection=\count90
\c@bibenumi=\count91
\c@bibenumii=\count92
\c@bibenumiii=\count93
\enitdp@bibenum=\count94
)
(/home/anshchaube/.miktex/texmfs/install/tex/latex/natbib/bibentry.sty
Package: bibentry 2007/10/30 1.5 (PWD)
)
(/home/anshchaube/.miktex/texmfs/install/tex/latex/hyperref/hyperref.sty
Package: hyperref 2018/02/06 v6.86b Hypertext links for LaTeX

(/home/anshchaube/.miktex/texmfs/install/tex/generic/oberdiek/hobsub-hyperref.s
ty
Package: hobsub-hyperref 2016/05/16 v1.14 Bundle oberdiek, subset hyperref (HO)


(/home/anshchaube/.miktex/texmfs/install/tex/generic/oberdiek/hobsub-generic.st
y
Package: hobsub-generic 2016/05/16 v1.14 Bundle oberdiek, subset generic (HO)
Package: hobsub 2016/05/16 v1.14 Construct package bundles (HO)
Package: infwarerr 2016/05/16 v1.4 Providing info/warning/error messages (HO)
Package: ltxcmds 2016/05/16 v1.23 LaTeX kernel commands for general use (HO)
Package: ifluatex 2016/05/16 v1.4 Provides the ifluatex switch (HO)
Package ifluatex Info: LuaTeX not detected.
Package: ifvtex 2016/05/16 v1.6 Detect VTeX and its facilities (HO)
Package ifvtex Info: VTeX not detected.
Package: intcalc 2016/05/16 v1.2 Expandable calculations with integers (HO)
Package: ifpdf 2018/09/07 v3.3 Provides the ifpdf switch
Package: etexcmds 2016/05/16 v1.6 Avoid name clashes with e-TeX commands (HO)
Package: kvsetkeys 2016/05/16 v1.17 Key value parser (HO)
Package: kvdefinekeys 2016/05/16 v1.4 Define keys (HO)
Package: pdftexcmds 2018/09/10 v0.29 Utility functions of pdfTeX for LuaTeX (HO
)
Package pdftexcmds Info: LuaTeX not detected.
Package pdftexcmds Info: \pdf@primitive is available.
Package pdftexcmds Info: \pdf@ifprimitive is available.
Package pdftexcmds Info: \pdfdraftmode found.
Package: pdfescape 2016/05/16 v1.14 Implements pdfTeX's escape features (HO)
Package: bigintcalc 2016/05/16 v1.4 Expandable calculations on big integers (HO
)
Package: bitset 2016/05/16 v1.2 Handle bit-vector datatype (HO)
Package: uniquecounter 2016/05/16 v1.3 Provide unlimited unique counter (HO)
)
Package hobsub Info: Skipping package `hobsub' (already loaded).
Package: letltxmacro 2016/05/16 v1.5 Let assignment for LaTeX macros (HO)
Package: hopatch 2016/05/16 v1.3 Wrapper for package hooks (HO)
Package: xcolor-patch 2016/05/16 xcolor patch
Package: atveryend 2016/05/16 v1.9 Hooks at the very end of document (HO)
Package atveryend Info: \enddocument detected (standard20110627).
Package: atbegshi 2016/06/09 v1.18 At begin shipout hook (HO)
Package: refcount 2016/05/16 v3.5 Data extraction from label references (HO)
Package: hycolor 2016/05/16 v1.8 Color options for hyperref/bookmark (HO)
) (/home/anshchaube/.miktex/texmfs/install/tex/latex/graphics/keyval.sty
Package: keyval 2014/10/28 v1.15 key=value parser (DPC)
\KV@toks@=\toks21
)
(/home/anshchaube/.miktex/texmfs/install/tex/generic/ifxetex/ifxetex.sty
Package: ifxetex 2010/09/12 v0.6 Provides ifxetex conditional
)
(/home/anshchaube/.miktex/texmfs/install/tex/latex/oberdiek/auxhook.sty
Package: auxhook 2016/05/16 v1.4 Hooks for auxiliary files (HO)
)
(/home/anshchaube/.miktex/texmfs/install/tex/latex/oberdiek/kvoptions.sty
Package: kvoptions 2016/05/16 v3.12 Key value format for package options (HO)
)
\@linkdim=\dimen107
\Hy@linkcounter=\count95
\Hy@pagecounter=\count96

(/home/anshchaube/.miktex/texmfs/install/tex/latex/hyperref/pd1enc.def
File: pd1enc.def 2018/02/06 v6.86b Hyperref: PDFDocEncoding definition (HO)
Now handling font encoding PD1 ...
... no UTF-8 mapping file for font encoding PD1
)
\Hy@SavedSpaceFactor=\count97

(/home/anshchaube/.miktex/texmfs/install/tex/latex/00miktex/hyperref.cfg
File: hyperref.cfg 2002/06/06 v1.2 hyperref configuration of TeXLive
)
Package hyperref Info: Hyper figures OFF on input line 4509.
Package hyperref Info: Link nesting OFF on input line 4514.
Package hyperref Info: Hyper index ON on input line 4517.
Package hyperref Info: Plain pages OFF on input line 4524.
Package hyperref Info: Backreferencing OFF on input line 4529.
Package hyperref Info: Implicit mode ON; LaTeX internals redefined.
Package hyperref Info: Bookmarks ON on input line 4762.
\c@Hy@tempcnt=\count98

(/home/anshchaube/.miktex/texmfs/install/tex/latex/url/url.sty
\Urlmuskip=\muskip10
Package: url 2013/09/16  ver 3.4  Verb mode for urls, etc.
)
LaTeX Info: Redefining \url on input line 5115.
\XeTeXLinkMargin=\dimen108
\Fld@menulength=\count99
\Field@Width=\dimen109
\Fld@charsize=\dimen110
Package hyperref Info: Hyper figures OFF on input line 6369.
Package hyperref Info: Link nesting OFF on input line 6374.
Package hyperref Info: Hyper index ON on input line 6377.
Package hyperref Info: backreferencing OFF on input line 6384.
Package hyperref Info: Link coloring OFF on input line 6389.
Package hyperref Info: Link coloring with OCG OFF on input line 6394.
Package hyperref Info: PDF/A mode OFF on input line 6399.
LaTeX Info: Redefining \ref on input line 6439.
LaTeX Info: Redefining \pageref on input line 6443.
\Hy@abspage=\count100
\c@Item=\count101
\c@Hfootnote=\count102
)
Package hyperref Info: Driver (autodetected): hpdftex.

(/home/anshchaube/.miktex/texmfs/install/tex/latex/hyperref/hpdftex.def
File: hpdftex.def 2018/02/06 v6.86b Hyperref driver for pdfTeX
\Fld@listcount=\count103
\c@bookmark@seq@number=\count104

(/home/anshchaube/.miktex/texmfs/install/tex/latex/oberdiek/rerunfilecheck.sty
Package: rerunfilecheck 2016/05/16 v1.8 Rerun checks for auxiliary files (HO)
Package uniquecounter Info: New unique counter `rerunfilecheck' on input line 2
82.
)
\Hy@SectionHShift=\skip47
)
Package hyperref Info: Option `colorlinks' set `true' on input line 12.
 (/home/anshchaube/.miktex/texmfs/install/tex/latex/tools/xspace.sty
Package: xspace 2014/10/28 v1.13 Space after command names (DPC,MH)
) (cv.aux)
\openout1 = `cv.aux'.

LaTeX Font Info:    Checking defaults for OML/cmm/m/it on input line 19.
LaTeX Font Info:    ... okay on input line 19.
LaTeX Font Info:    Checking defaults for T1/cmr/m/n on input line 19.
LaTeX Font Info:    ... okay on input line 19.
LaTeX Font Info:    Checking defaults for OT1/cmr/m/n on input line 19.
LaTeX Font Info:    ... okay on input line 19.
LaTeX Font Info:    Checking defaults for OMS/cmsy/m/n on input line 19.
LaTeX Font Info:    ... okay on input line 19.
LaTeX Font Info:    Checking defaults for OMX/cmex/m/n on input line 19.
LaTeX Font Info:    ... okay on input line 19.
LaTeX Font Info:    Checking defaults for U/cmr/m/n on input line 19.
LaTeX Font Info:    ... okay on input line 19.
LaTeX Font Info:    Checking defaults for PD1/pdf/m/n on input line 19.
LaTeX Font Info:    ... okay on input line 19.
\AtBeginShipoutBox=\box27
(/home/anshchaube/.miktex/texmfs/install/tex/latex/graphics/color.sty
Package: color 2016/07/10 v1.1e Standard LaTeX Color (DPC)

(/home/anshchaube/.miktex/texmfs/install/tex/latex/graphics-cfg/color.cfg
File: color.cfg 2016/01/02 v1.6 sample color configuration
)
Package color Info: Driver file: pdftex.def on input line 147.

(/home/anshchaube/.miktex/texmfs/install/tex/latex/graphics-def/pdftex.def
File: pdftex.def 2018/01/08 v1.0l Graphics/color driver for pdftex

(/home/anshchaube/.miktex/texmfs/install/tex/context/base/supp-pdf.mkii
[Loading MPS to PDF converter (version 2006.09.02).]
\scratchcounter=\count105
\scratchdimen=\dimen111
\scratchbox=\box28
\nofMPsegments=\count106
\nofMParguments=\count107
\everyMPshowfont=\toks22
\MPscratchCnt=\count108
\MPscratchDim=\dimen112
\MPnumerator=\count109
\makeMPintoPDFobject=\count110
\everyMPtoPDFconversion=\toks23
)))
Package hyperref Info: Link coloring ON on input line 19.
 (/home/anshchaube/.miktex/texmfs/install/tex/latex/hyperref/nameref.sty
Package: nameref 2016/05/21 v2.44 Cross-referencing by name of section

(/home/anshchaube/.miktex/texmfs/install/tex/generic/oberdiek/gettitlestring.st
y
Package: gettitlestring 2016/05/16 v1.5 Cleanup title references (HO)
)
\c@section@level=\count111
)
LaTeX Info: Redefining \ref on input line 19.
LaTeX Info: Redefining \pageref on input line 19.
LaTeX Info: Redefining \nameref on input line 19.
 (cv.out) (cv.out)
\@outlinefile=\write3
\openout3 = `cv.out'.

LaTeX Font Info:    External font `cmex10' loaded for size
(Font)              <7> on input line 54.
LaTeX Font Info:    External font `cmex10' loaded for size
(Font)              <5> on input line 54.
 [1

{/home/anshchaube/.miktex/texmfs/data/pdftex/config/pdftex.map}] [2]
Overfull \hbox (3.91145pt too wide) in paragraph at lines 228--232
[]\OT1/cmr/bx/n/10 Huff, K. \OT1/cmr/m/n/10 ``Rapid Methods for Radionuclide Co
ntaminant Transport in Nuclear Fuel Cycle Simulation'',
 []


Overfull \hbox (5.40405pt too wide) in paragraph at lines 232--241
\OT1/cmr/m/n/10 Fluoride Salt{Cooled, High-Temperature Reactor Commercial Power
 Plant,'' \OT1/cmr/bx/n/10 Nuclear Technology\OT1/cmr/m/n/10 ,
 []


Overfull \hbox (16.5958pt too wide) in paragraph at lines 281--286
\OT1/cmr/m/n/10 Facility'' Paper 19727. \OT1/cmr/bx/n/10 International High-Lev
el Radioactive Waste Management Converence
 []


Overfull \hbox (12.8505pt too wide) in paragraph at lines 286--291
\OT1/cmr/m/n/10 transfer model for nuclear reactor transient analysis.'' Paper 
60728. \OT1/cmr/bx/n/10 24th International Conference
 []

[3]
Overfull \hbox (28.75945pt too wide) in paragraph at lines 355--358
\OT1/cmr/m/n/10 Driven Transition Capability'' \OT1/cmr/bx/n/10 Transactions of
 the American Nuclear Society Winter Conference.
 []

[4]
Overfull \hbox (1.6755pt too wide) in paragraph at lines 388--392
[]\OT1/cmr/bx/n/10 Huff, K.\OT1/cmr/m/n/10 , ``MOX Fuel Recipe Approximation Te
sts in GENIUSv2. '' \OT1/cmr/bx/n/10 Proceedings of the American
 []


Overfull \hbox (11.06981pt too wide) in paragraph at lines 392--397
[]\OT1/cmr/bx/n/10 Huff, K.\OT1/cmr/m/n/10 , Oliver, K., Wilson, P.P.H. ``GENIU
Sv2 Discrete Facilities/Materials Modeling of International
 []


Overfull \hbox (9.60194pt too wide) in paragraph at lines 392--397
\OT1/cmr/m/n/10 Fuel Cycle Robustness. '' \OT1/cmr/bx/n/10 Transactions of the 
American Nuclear Society Winter Conference.
 []


Overfull \hbox (5.162pt too wide) in paragraph at lines 407--412
[]\OT1/cmr/m/n/10 Lindsay, A., \OT1/cmr/bx/n/10 Huff, K.\OT1/cmr/m/n/10 . ``Cou
pled Multi-Physics of Advanced Molten Salt Nuclear Reactors.'' \OT1/cmr/bx/n/10
 National
 []


Overfull \hbox (5.81981pt too wide) in paragraph at lines 418--425
[]\OT1/cmr/m/n/10 Bae, J.W. \OT1/cmr/bx/n/10 Huff, K.\OT1/cmr/m/n/10 , ``Non-al
gorithmic Capability Gaps for Cyclus and Cycamore Transition Analyses,''
 []


Overfull \hbox (21.26833pt too wide) in paragraph at lines 418--425
\OT1/cmr/bx/n/10 Advanced Reactors and Fuel Cycles Report Series\OT1/cmr/m/n/10
 , Nuclear Plasma and Radiological Engineering,
 []


Overfull \hbox (2.09692pt too wide) in paragraph at lines 418--425
\OT1/cmr/m/n/10 University of Illinois. Report UIUC-ARFC-2017-02, [][]$https : 
/ / arfc . npre . illinois . edu / research / reports /
 []


Overfull \hbox (6.8753pt too wide) in paragraph at lines 425--432
[]\OT1/cmr/m/n/10 Ridley, G., Lindsay, A., Turk, M., \OT1/cmr/bx/n/10 Huff, K.\
OT1/cmr/m/n/10 , ``Multiphysics Analysis of Molten Salt Reactor Transients,''
 []


Overfull \hbox (21.26833pt too wide) in paragraph at lines 425--432
\OT1/cmr/bx/n/10 Advanced Reactors and Fuel Cycles Report Series\OT1/cmr/m/n/10
 , Nuclear Plasma and Radiological Engineering,
 []


Overfull \hbox (2.09692pt too wide) in paragraph at lines 425--432
\OT1/cmr/m/n/10 University of Illinois. Report UIUC-ARFC-2017-01, [][]$https : 
/ / arfc . npre . illinois . edu / research / reports /
 []

[5] [6] [7]
Underfull \hbox (badness 10000) in paragraph at lines 622--654

 []


Underfull \hbox (badness 10000) in paragraph at lines 655--661

 []

[8]
Underfull \hbox (badness 10000) in paragraph at lines 662--692

 []


Underfull \hbox (badness 10000) in paragraph at lines 693--736

 []


Underfull \hbox (badness 10000) in paragraph at lines 738--752

 []


Underfull \hbox (badness 10000) in paragraph at lines 764--779

 []

[9]
Underfull \hbox (badness 10000) in paragraph at lines 796--804

 []


Underfull \hbox (badness 10000) in paragraph at lines 805--807

 []


Underfull \hbox (badness 10000) in paragraph at lines 808--810

 []


Underfull \hbox (badness 10000) in paragraph at lines 816--819

 []

Package atveryend Info: Empty hook `BeforeClearDocument' on input line 833.
[10]
Package atveryend Info: Empty hook `AfterLastShipout' on input line 833.
 (cv.aux)
Package atveryend Info: Executing hook `AtVeryEndDocument' on input line 833.
Package atveryend Info: Executing hook `AtEndAfterFileList' on input line 833.
Package rerunfilecheck Info: File `cv.out' has not changed.
(rerunfilecheck)             Checksum: D41D8CD98F00B204E9800998ECF8427E;0.
Package atveryend Info: Empty hook `AtVeryVeryEnd' on input line 833.
 ) 
Here is how much of TeX's memory you used:
 5224 strings out of 494890
 77639 string characters out of 3178365
 171501 words of memory out of 3000000
 8766 multiletter control sequences out of 15000+200000
 6768 words of font info for 24 fonts, out of 3000000 for 9000
 0 hyphenation exceptions out of 8191
 29i,5n,22p,542b,490s stack positions out of 5000i,500n,10000p,200000b,50000s
</home/anshchaube/.miktex/texmfs/install/fonts/type1/public/amsfonts/cm/cmbx1
0.pfb></home/anshchaube/.miktex/texmfs/install/fonts/type1/public/amsfonts/cm/c
mbx12.pfb></home/anshchaube/.miktex/texmfs/install/fonts/type1/public/amsfonts/
cm/cmcsc10.pfb></home/anshchaube/.miktex/texmfs/install/fonts/type1/public/amsf
onts/cm/cmr10.pfb></home/anshchaube/.miktex/texmfs/install/fonts/type1/public/a
msfonts/cm/cmr7.pfb></home/anshchaube/.miktex/texmfs/install/fonts/type1/public
/amsfonts/cm/cmsl10.pfb></home/anshchaube/.miktex/texmfs/install/fonts/type1/pu
blic/amsfonts/cm/cmsy10.pfb></home/anshchaube/.miktex/texmfs/install/fonts/type
1/public/amsfonts/cm/cmti10.pfb>
Output written on cv.pdf (10 pages, 186679 bytes).
PDF statistics:
 214 PDF objects out of 1000 (max. 8388607)
 84 named destinations out of 1000 (max. 500000)
 1 words of extra memory for PDF output out of 10000 (max. 10000000)

